/usr/bin/bash: line 1: npm: command not found
/usr/bin/bash: line 1: npm: command not found
/usr/bin/bash: line 1: npm: command not found
/usr/bin/bash: line 1: npm: command not found
/usr/bin/bash: line 1: npm: command not found
/usr/bin/bash: line 1: npm: command not found
/usr/bin/bash: line 1: npm: command not found
/usr/bin/bash: line 1: npm: command not found
/usr/bin/bash: line 1: npm: command not found
/usr/bin/bash: line 1: npm: command not found
/usr/bin/bash: line 1: npm: command not found
/usr/bin/bash: line 1: npm: command not found
/usr/bin/bash: line 1: npm: command not found
/usr/bin/bash: line 1: npm: command not found
/usr/bin/bash: line 1: npm: command not found
/usr/bin/bash: line 1: npm: command not found
/usr/bin/bash: line 1: npm: command not found
/usr/bin/bash: line 1: npm: command not found
/usr/bin/bash: line 1: npm: command not found
/usr/bin/bash: line 1: npm: command not found
/usr/bin/bash: line 1: npm: command not found
/usr/bin/bash: line 1: npm: command not found
/usr/bin/bash: line 1: npm: command not found
/usr/bin/bash: line 1: npm: command not found
/usr/bin/bash: line 1: npm: command not found
/usr/bin/bash: line 1: npm: command not found
/usr/bin/bash: line 1: npm: command not found
/usr/bin/bash: line 1: npm: command not found
/usr/bin/bash: line 1: npm: command not found
/usr/bin/bash: line 1: npm: command not found
/usr/bin/bash: line 1: npm: command not found
/usr/bin/bash: line 1: npm: command not found

> visipakalpojumi-backend@1.0.0 start
> node dist/index.js

node:internal/modules/cjs/loader:1404
  throw err;
  ^

Error: Cannot find module '@/config/database'
Require stack:
- /workspace/backend/dist/index.js
    at Function._resolveFilename (node:internal/modules/cjs/loader:1401:15)
    at defaultResolveImpl (node:internal/modules/cjs/loader:1057:19)
    at resolveForCJSWithHooks (node:internal/modules/cjs/loader:1062:22)
    at Function._load (node:internal/modules/cjs/loader:1211:37)
    at TracingChannel.traceSync (node:diagnostics_channel:322:14)
    at wrapModuleLoad (node:internal/modules/cjs/loader:235:24)
    at Module.require (node:internal/modules/cjs/loader:1487:12)
    at require (node:internal/modules/helpers:135:16)
    at Object.<anonymous> (/workspace/backend/dist/index.js:15:20)
    at Module._compile (node:internal/modules/cjs/loader:1730:14) {
  code: 'MODULE_NOT_FOUND',
  requireStack: [ '/workspace/backend/dist/index.js' ]
}

Node.js v22.16.0

> visipakalpojumi-backend@1.0.0 start
> node dist/index.js

node:internal/modules/cjs/loader:1404
  throw err;
  ^

Error: Cannot find module '@/config/database'
Require stack:
- /workspace/backend/dist/index.js
    at Function._resolveFilename (node:internal/modules/cjs/loader:1401:15)
    at defaultResolveImpl (node:internal/modules/cjs/loader:1057:19)
    at resolveForCJSWithHooks (node:internal/modules/cjs/loader:1062:22)
    at Function._load (node:internal/modules/cjs/loader:1211:37)
    at TracingChannel.traceSync (node:diagnostics_channel:322:14)
    at wrapModuleLoad (node:internal/modules/cjs/loader:235:24)
    at Module.require (node:internal/modules/cjs/loader:1487:12)
    at require (node:internal/modules/helpers:135:16)
    at Object.<anonymous> (/workspace/backend/dist/index.js:15:20)
    at Module._compile (node:internal/modules/cjs/loader:1730:14) {
  code: 'MODULE_NOT_FOUND',
  requireStack: [ '/workspace/backend/dist/index.js' ]
}

Node.js v22.16.0

> visipakalpojumi-backend@1.0.0 start
> node dist/index.js

node:internal/modules/cjs/loader:1404
  throw err;
  ^

Error: Cannot find module '@/config/database'
Require stack:
- /workspace/backend/dist/index.js
    at Function._resolveFilename (node:internal/modules/cjs/loader:1401:15)
    at defaultResolveImpl (node:internal/modules/cjs/loader:1057:19)
    at resolveForCJSWithHooks (node:internal/modules/cjs/loader:1062:22)
    at Function._load (node:internal/modules/cjs/loader:1211:37)
    at TracingChannel.traceSync (node:diagnostics_channel:322:14)
    at wrapModuleLoad (node:internal/modules/cjs/loader:235:24)
    at Module.require (node:internal/modules/cjs/loader:1487:12)
    at require (node:internal/modules/helpers:135:16)
    at Object.<anonymous> (/workspace/backend/dist/index.js:15:20)
    at Module._compile (node:internal/modules/cjs/loader:1730:14) {
  code: 'MODULE_NOT_FOUND',
  requireStack: [ '/workspace/backend/dist/index.js' ]
}

Node.js v22.16.0

> visipakalpojumi-backend@1.0.0 start
> node dist/index.js

node:internal/modules/cjs/loader:1404
  throw err;
  ^

Error: Cannot find module '@/config/database'
Require stack:
- /workspace/backend/dist/index.js
    at Function._resolveFilename (node:internal/modules/cjs/loader:1401:15)
    at defaultResolveImpl (node:internal/modules/cjs/loader:1057:19)
    at resolveForCJSWithHooks (node:internal/modules/cjs/loader:1062:22)
    at Function._load (node:internal/modules/cjs/loader:1211:37)
    at TracingChannel.traceSync (node:diagnostics_channel:322:14)
    at wrapModuleLoad (node:internal/modules/cjs/loader:235:24)
    at Module.require (node:internal/modules/cjs/loader:1487:12)
    at require (node:internal/modules/helpers:135:16)
    at Object.<anonymous> (/workspace/backend/dist/index.js:15:20)
    at Module._compile (node:internal/modules/cjs/loader:1730:14) {
  code: 'MODULE_NOT_FOUND',
  requireStack: [ '/workspace/backend/dist/index.js' ]
}

Node.js v22.16.0

> visipakalpojumi-backend@1.0.0 start
> node dist/index.js

node:internal/modules/cjs/loader:1404
  throw err;
  ^

Error: Cannot find module '@/config/database'
Require stack:
- /workspace/backend/dist/index.js
    at Function._resolveFilename (node:internal/modules/cjs/loader:1401:15)
    at defaultResolveImpl (node:internal/modules/cjs/loader:1057:19)
    at resolveForCJSWithHooks (node:internal/modules/cjs/loader:1062:22)
    at Function._load (node:internal/modules/cjs/loader:1211:37)
    at TracingChannel.traceSync (node:diagnostics_channel:322:14)
    at wrapModuleLoad (node:internal/modules/cjs/loader:235:24)
    at Module.require (node:internal/modules/cjs/loader:1487:12)
    at require (node:internal/modules/helpers:135:16)
    at Object.<anonymous> (/workspace/backend/dist/index.js:15:20)
    at Module._compile (node:internal/modules/cjs/loader:1730:14) {
  code: 'MODULE_NOT_FOUND',
  requireStack: [ '/workspace/backend/dist/index.js' ]
}

Node.js v22.16.0

> visipakalpojumi-backend@1.0.0 start
> node dist/index.js

node:internal/modules/cjs/loader:1404
  throw err;
  ^

Error: Cannot find module '@/config/database'
Require stack:
- /workspace/backend/dist/index.js
    at Function._resolveFilename (node:internal/modules/cjs/loader:1401:15)
    at defaultResolveImpl (node:internal/modules/cjs/loader:1057:19)
    at resolveForCJSWithHooks (node:internal/modules/cjs/loader:1062:22)
    at Function._load (node:internal/modules/cjs/loader:1211:37)
    at TracingChannel.traceSync (node:diagnostics_channel:322:14)
    at wrapModuleLoad (node:internal/modules/cjs/loader:235:24)
    at Module.require (node:internal/modules/cjs/loader:1487:12)
    at require (node:internal/modules/helpers:135:16)
    at Object.<anonymous> (/workspace/backend/dist/index.js:15:20)
    at Module._compile (node:internal/modules/cjs/loader:1730:14) {
  code: 'MODULE_NOT_FOUND',
  requireStack: [ '/workspace/backend/dist/index.js' ]
}

Node.js v22.16.0

> visipakalpojumi-backend@1.0.0 start
> node dist/index.js

node:internal/modules/cjs/loader:1404
  throw err;
  ^

Error: Cannot find module '@/config/database'
Require stack:
- /workspace/backend/dist/index.js
    at Function._resolveFilename (node:internal/modules/cjs/loader:1401:15)
    at defaultResolveImpl (node:internal/modules/cjs/loader:1057:19)
    at resolveForCJSWithHooks (node:internal/modules/cjs/loader:1062:22)
    at Function._load (node:internal/modules/cjs/loader:1211:37)
    at TracingChannel.traceSync (node:diagnostics_channel:322:14)
    at wrapModuleLoad (node:internal/modules/cjs/loader:235:24)
    at Module.require (node:internal/modules/cjs/loader:1487:12)
    at require (node:internal/modules/helpers:135:16)
    at Object.<anonymous> (/workspace/backend/dist/index.js:15:20)
    at Module._compile (node:internal/modules/cjs/loader:1730:14) {
  code: 'MODULE_NOT_FOUND',
  requireStack: [ '/workspace/backend/dist/index.js' ]
}

Node.js v22.16.0

> visipakalpojumi-backend@1.0.0 start
> node dist/index.js

node:internal/modules/cjs/loader:1404
  throw err;
  ^

Error: Cannot find module '@/config/database'
Require stack:
- /workspace/backend/dist/index.js
    at Function._resolveFilename (node:internal/modules/cjs/loader:1401:15)
    at defaultResolveImpl (node:internal/modules/cjs/loader:1057:19)
    at resolveForCJSWithHooks (node:internal/modules/cjs/loader:1062:22)
    at Function._load (node:internal/modules/cjs/loader:1211:37)
    at TracingChannel.traceSync (node:diagnostics_channel:322:14)
    at wrapModuleLoad (node:internal/modules/cjs/loader:235:24)
    at Module.require (node:internal/modules/cjs/loader:1487:12)
    at require (node:internal/modules/helpers:135:16)
    at Object.<anonymous> (/workspace/backend/dist/index.js:15:20)
    at Module._compile (node:internal/modules/cjs/loader:1730:14) {
  code: 'MODULE_NOT_FOUND',
  requireStack: [ '/workspace/backend/dist/index.js' ]
}

Node.js v22.16.0

> visipakalpojumi-backend@1.0.0 start
> node dist/index.js

node:internal/modules/cjs/loader:1404
  throw err;
  ^

Error: Cannot find module '@/config/database'
Require stack:
- /workspace/backend/dist/index.js
    at Function._resolveFilename (node:internal/modules/cjs/loader:1401:15)
    at defaultResolveImpl (node:internal/modules/cjs/loader:1057:19)
    at resolveForCJSWithHooks (node:internal/modules/cjs/loader:1062:22)
    at Function._load (node:internal/modules/cjs/loader:1211:37)
    at TracingChannel.traceSync (node:diagnostics_channel:322:14)
    at wrapModuleLoad (node:internal/modules/cjs/loader:235:24)
    at Module.require (node:internal/modules/cjs/loader:1487:12)
    at require (node:internal/modules/helpers:135:16)
    at Object.<anonymous> (/workspace/backend/dist/index.js:15:20)
    at Module._compile (node:internal/modules/cjs/loader:1730:14) {
  code: 'MODULE_NOT_FOUND',
  requireStack: [ '/workspace/backend/dist/index.js' ]
}

Node.js v22.16.0

> visipakalpojumi-backend@1.0.0 start
> node dist/index.js

node:internal/modules/cjs/loader:1404
  throw err;
  ^

Error: Cannot find module '@/config/database'
Require stack:
- /workspace/backend/dist/index.js
    at Function._resolveFilename (node:internal/modules/cjs/loader:1401:15)
    at defaultResolveImpl (node:internal/modules/cjs/loader:1057:19)
    at resolveForCJSWithHooks (node:internal/modules/cjs/loader:1062:22)
    at Function._load (node:internal/modules/cjs/loader:1211:37)
    at TracingChannel.traceSync (node:diagnostics_channel:322:14)
    at wrapModuleLoad (node:internal/modules/cjs/loader:235:24)
    at Module.require (node:internal/modules/cjs/loader:1487:12)
    at require (node:internal/modules/helpers:135:16)
    at Object.<anonymous> (/workspace/backend/dist/index.js:15:20)
    at Module._compile (node:internal/modules/cjs/loader:1730:14) {
  code: 'MODULE_NOT_FOUND',
  requireStack: [ '/workspace/backend/dist/index.js' ]
}

Node.js v22.16.0

> visipakalpojumi-backend@1.0.0 start
> node dist/index.js

node:internal/modules/cjs/loader:1404
  throw err;
  ^

Error: Cannot find module '@/config/database'
Require stack:
- /workspace/backend/dist/index.js
    at Function._resolveFilename (node:internal/modules/cjs/loader:1401:15)
    at defaultResolveImpl (node:internal/modules/cjs/loader:1057:19)
    at resolveForCJSWithHooks (node:internal/modules/cjs/loader:1062:22)
    at Function._load (node:internal/modules/cjs/loader:1211:37)
    at TracingChannel.traceSync (node:diagnostics_channel:322:14)
    at wrapModuleLoad (node:internal/modules/cjs/loader:235:24)
    at Module.require (node:internal/modules/cjs/loader:1487:12)
    at require (node:internal/modules/helpers:135:16)
    at Object.<anonymous> (/workspace/backend/dist/index.js:15:20)
    at Module._compile (node:internal/modules/cjs/loader:1730:14) {
  code: 'MODULE_NOT_FOUND',
  requireStack: [ '/workspace/backend/dist/index.js' ]
}

Node.js v22.16.0

> visipakalpojumi-backend@1.0.0 start
> node dist/index.js

node:internal/modules/cjs/loader:1404
  throw err;
  ^

Error: Cannot find module '@/config/database'
Require stack:
- /workspace/backend/dist/index.js
    at Function._resolveFilename (node:internal/modules/cjs/loader:1401:15)
    at defaultResolveImpl (node:internal/modules/cjs/loader:1057:19)
    at resolveForCJSWithHooks (node:internal/modules/cjs/loader:1062:22)
    at Function._load (node:internal/modules/cjs/loader:1211:37)
    at TracingChannel.traceSync (node:diagnostics_channel:322:14)
    at wrapModuleLoad (node:internal/modules/cjs/loader:235:24)
    at Module.require (node:internal/modules/cjs/loader:1487:12)
    at require (node:internal/modules/helpers:135:16)
    at Object.<anonymous> (/workspace/backend/dist/index.js:15:20)
    at Module._compile (node:internal/modules/cjs/loader:1730:14) {
  code: 'MODULE_NOT_FOUND',
  requireStack: [ '/workspace/backend/dist/index.js' ]
}

Node.js v22.16.0

> visipakalpojumi-backend@1.0.0 start
> node dist/index.js

node:internal/modules/cjs/loader:1404
  throw err;
  ^

Error: Cannot find module '@/config/database'
Require stack:
- /workspace/backend/dist/index.js
    at Function._resolveFilename (node:internal/modules/cjs/loader:1401:15)
    at defaultResolveImpl (node:internal/modules/cjs/loader:1057:19)
    at resolveForCJSWithHooks (node:internal/modules/cjs/loader:1062:22)
    at Function._load (node:internal/modules/cjs/loader:1211:37)
    at TracingChannel.traceSync (node:diagnostics_channel:322:14)
    at wrapModuleLoad (node:internal/modules/cjs/loader:235:24)
    at Module.require (node:internal/modules/cjs/loader:1487:12)
    at require (node:internal/modules/helpers:135:16)
    at Object.<anonymous> (/workspace/backend/dist/index.js:15:20)
    at Module._compile (node:internal/modules/cjs/loader:1730:14) {
  code: 'MODULE_NOT_FOUND',
  requireStack: [ '/workspace/backend/dist/index.js' ]
}

Node.js v22.16.0

> visipakalpojumi-backend@1.0.0 start
> node dist/index.js

node:internal/modules/cjs/loader:1404
  throw err;
  ^

Error: Cannot find module '@/config/database'
Require stack:
- /workspace/backend/dist/index.js
    at Function._resolveFilename (node:internal/modules/cjs/loader:1401:15)
    at defaultResolveImpl (node:internal/modules/cjs/loader:1057:19)
    at resolveForCJSWithHooks (node:internal/modules/cjs/loader:1062:22)
    at Function._load (node:internal/modules/cjs/loader:1211:37)
    at TracingChannel.traceSync (node:diagnostics_channel:322:14)
    at wrapModuleLoad (node:internal/modules/cjs/loader:235:24)
    at Module.require (node:internal/modules/cjs/loader:1487:12)
    at require (node:internal/modules/helpers:135:16)
    at Object.<anonymous> (/workspace/backend/dist/index.js:15:20)
    at Module._compile (node:internal/modules/cjs/loader:1730:14) {
  code: 'MODULE_NOT_FOUND',
  requireStack: [ '/workspace/backend/dist/index.js' ]
}

Node.js v22.16.0

> visipakalpojumi-backend@1.0.0 start
> node dist/index.js

node:internal/modules/cjs/loader:1404
  throw err;
  ^

Error: Cannot find module '@/config/database'
Require stack:
- /workspace/backend/dist/index.js
    at Function._resolveFilename (node:internal/modules/cjs/loader:1401:15)
    at defaultResolveImpl (node:internal/modules/cjs/loader:1057:19)
    at resolveForCJSWithHooks (node:internal/modules/cjs/loader:1062:22)
    at Function._load (node:internal/modules/cjs/loader:1211:37)
    at TracingChannel.traceSync (node:diagnostics_channel:322:14)
    at wrapModuleLoad (node:internal/modules/cjs/loader:235:24)
    at Module.require (node:internal/modules/cjs/loader:1487:12)
    at require (node:internal/modules/helpers:135:16)
    at Object.<anonymous> (/workspace/backend/dist/index.js:15:20)
    at Module._compile (node:internal/modules/cjs/loader:1730:14) {
  code: 'MODULE_NOT_FOUND',
  requireStack: [ '/workspace/backend/dist/index.js' ]
}

Node.js v22.16.0

> visipakalpojumi-backend@1.0.0 start
> node dist/index.js

node:internal/modules/cjs/loader:1404
  throw err;
  ^

Error: Cannot find module '@/config/database'
Require stack:
- /workspace/backend/dist/index.js
    at Function._resolveFilename (node:internal/modules/cjs/loader:1401:15)
    at defaultResolveImpl (node:internal/modules/cjs/loader:1057:19)
    at resolveForCJSWithHooks (node:internal/modules/cjs/loader:1062:22)
    at Function._load (node:internal/modules/cjs/loader:1211:37)
    at TracingChannel.traceSync (node:diagnostics_channel:322:14)
    at wrapModuleLoad (node:internal/modules/cjs/loader:235:24)
    at Module.require (node:internal/modules/cjs/loader:1487:12)
    at require (node:internal/modules/helpers:135:16)
    at Object.<anonymous> (/workspace/backend/dist/index.js:15:20)
    at Module._compile (node:internal/modules/cjs/loader:1730:14) {
  code: 'MODULE_NOT_FOUND',
  requireStack: [ '/workspace/backend/dist/index.js' ]
}

Node.js v22.16.0
